[0130/063007.192:ERROR:gles2_cmd_decoder.cc(17817)] [.BrowserCompositor-00000239E5CA8930]GL ERROR :GL_INVALID_OPERATION : glCreateAndConsumeTextureCHROMIUM: invalid mailbox name
[0130/063010.326:ERROR:gles2_cmd_decoder.cc(10372)] [.BrowserCompositor-00000239E5CA8930]RENDER WARNING: texture bound to texture unit 0 is not renderable. It maybe non-power-of-2 and have incompatible texture filtering.
[0131/234542.801:INFO:CONSOLE(1)] "Long rAF frame-time", source: file:///C:/Program%20Files/Adobe%20Photoshop%202020/Required/www-rich-tooltips/build/external.js (1)
[0131/234728.138:ERROR:media_internals.cc(112)] Cannot get RenderProcessHost
[0131/234913.939:INFO:CONSOLE(1)] "Long rAF frame-time", source: file:///C:/Program%20Files/Adobe%20Photoshop%202020/Required/www-rich-tooltips/build/external.js (1)
[0201/003906.884:WARNING:dns_config_service_win.cc(668)] Failed to read DnsConfig.
[0201/003911.893:WARNING:dns_config_service_win.cc(668)] Failed to read DnsConfig.
[0201/003916.909:WARNING:dns_config_service_win.cc(668)] Failed to read DnsConfig.
[0201/003921.924:WARNING:dns_config_service_win.cc(668)] Failed to read DnsConfig.
[0201/003926.945:WARNING:dns_config_service_win.cc(668)] Failed to read DnsConfig.
[0201/003931.968:WARNING:dns_config_service_win.cc(668)] Failed to read DnsConfig.
[0201/003936.989:WARNING:dns_config_service_win.cc(668)] Failed to read DnsConfig.
[0201/003942.008:WARNING:dns_config_service_win.cc(668)] Failed to read DnsConfig.
[0201/003947.055:WARNING:dns_config_service_win.cc(668)] Failed to read DnsConfig.
[0201/003952.083:WARNING:dns_config_service_win.cc(668)] Failed to read DnsConfig.
[0201/003957.099:WARNING:dns_config_service_win.cc(668)] Failed to read DnsConfig.
[0201/004002.120:WARNING:dns_config_service_win.cc(668)] Failed to read DnsConfig.
[0201/004007.140:WARNING:dns_config_service_win.cc(668)] Failed to read DnsConfig.
[0201/004012.161:WARNING:dns_config_service_win.cc(668)] Failed to read DnsConfig.
[0201/004017.176:WARNING:dns_config_service_win.cc(668)] Failed to read DnsConfig.
[0201/004022.189:WARNING:dns_config_service_win.cc(668)] Failed to read DnsConfig.
[0201/004027.202:WARNING:dns_config_service_win.cc(668)] Failed to read DnsConfig.
[0201/004032.213:WARNING:dns_config_service_win.cc(668)] Failed to read DnsConfig.
[0201/004037.227:WARNING:dns_config_service_win.cc(668)] Failed to read DnsConfig.
[0201/004042.237:WARNING:dns_config_service_win.cc(668)] Failed to read DnsConfig.
[0201/004047.244:WARNING:dns_config_service_win.cc(668)] Failed to read DnsConfig.
[0201/004052.270:WARNING:dns_config_service_win.cc(668)] Failed to read DnsConfig.
[0201/004057.280:WARNING:dns_config_service_win.cc(668)] Failed to read DnsConfig.
[0201/004102.290:WARNING:dns_config_service_win.cc(668)] Failed to read DnsConfig.
[0201/004107.298:WARNING:dns_config_service_win.cc(668)] Failed to read DnsConfig.
[0201/004112.318:WARNING:dns_config_service_win.cc(668)] Failed to read DnsConfig.
[0201/004117.333:WARNING:dns_config_service_win.cc(668)] Failed to read DnsConfig.
[0201/004122.356:WARNING:dns_config_service_win.cc(668)] Failed to read DnsConfig.
[0201/004127.379:WARNING:dns_config_service_win.cc(668)] Failed to read DnsConfig.
[0201/004132.403:WARNING:dns_config_service_win.cc(668)] Failed to read DnsConfig.
[0201/004137.417:WARNING:dns_config_service_win.cc(668)] Failed to read DnsConfig.
[0201/004142.429:WARNING:dns_config_service_win.cc(668)] Failed to read DnsConfig.
[0201/004147.442:WARNING:dns_config_service_win.cc(668)] Failed to read DnsConfig.
[0201/004152.453:WARNING:dns_config_service_win.cc(668)] Failed to read DnsConfig.
[0201/004157.470:WARNING:dns_config_service_win.cc(668)] Failed to read DnsConfig.
[0201/004202.497:WARNING:dns_config_service_win.cc(668)] Failed to read DnsConfig.
[0201/004207.522:WARNING:dns_config_service_win.cc(668)] Failed to read DnsConfig.
[0201/004212.547:WARNING:dns_config_service_win.cc(668)] Failed to read DnsConfig.
[0201/004217.562:WARNING:dns_config_service_win.cc(668)] Failed to read DnsConfig.
[0201/004222.576:WARNING:dns_config_service_win.cc(668)] Failed to read DnsConfig.
[0201/004227.602:WARNING:dns_config_service_win.cc(668)] Failed to read DnsConfig.
[0201/004232.625:WARNING:dns_config_service_win.cc(668)] Failed to read DnsConfig.
[0201/004237.641:WARNING:dns_config_service_win.cc(668)] Failed to read DnsConfig.
[0201/004242.659:WARNING:dns_config_service_win.cc(668)] Failed to read DnsConfig.
[0201/004247.673:WARNING:dns_config_service_win.cc(668)] Failed to read DnsConfig.
[0201/004252.685:WARNING:dns_config_service_win.cc(668)] Failed to read DnsConfig.
[0201/004257.699:WARNING:dns_config_service_win.cc(668)] Failed to read DnsConfig.
[0201/004302.727:WARNING:dns_config_service_win.cc(668)] Failed to read DnsConfig.
[0201/004307.809:WARNING:dns_config_service_win.cc(668)] Failed to read DnsConfig.
[0201/004312.832:WARNING:dns_config_service_win.cc(668)] Failed to read DnsConfig.
[0201/004317.854:WARNING:dns_config_service_win.cc(668)] Failed to read DnsConfig.
[0201/004322.868:WARNING:dns_config_service_win.cc(668)] Failed to read DnsConfig.
[0201/004327.880:WARNING:dns_config_service_win.cc(668)] Failed to read DnsConfig.
[0201/004332.903:WARNING:dns_config_service_win.cc(668)] Failed to read DnsConfig.
[0201/004337.931:WARNING:dns_config_service_win.cc(668)] Failed to read DnsConfig.
[0201/004342.951:WARNING:dns_config_service_win.cc(668)] Failed to read DnsConfig.
[0201/004347.973:WARNING:dns_config_service_win.cc(668)] Failed to read DnsConfig.
[0201/004352.989:WARNING:dns_config_service_win.cc(668)] Failed to read DnsConfig.
[0201/004358.005:WARNING:dns_config_service_win.cc(668)] Failed to read DnsConfig.
[0201/004403.026:WARNING:dns_config_service_win.cc(668)] Failed to read DnsConfig.
[0201/004408.033:WARNING:dns_config_service_win.cc(668)] Failed to read DnsConfig.
[0201/004413.058:WARNING:dns_config_service_win.cc(668)] Failed to read DnsConfig.
[0201/004418.075:WARNING:dns_config_service_win.cc(668)] Failed to read DnsConfig.
[0201/004423.098:WARNING:dns_config_service_win.cc(668)] Failed to read DnsConfig.
[0201/004428.114:WARNING:dns_config_service_win.cc(668)] Failed to read DnsConfig.
[0201/055257.835:WARNING:dns_config_service_win.cc(668)] Failed to read DnsConfig.
[0201/070939.189:WARNING:dns_config_service_win.cc(668)] Failed to read DnsConfig.
[0201/070944.373:WARNING:dns_config_service_win.cc(668)] Failed to read DnsConfig.
[0201/070949.390:WARNING:dns_config_service_win.cc(668)] Failed to read DnsConfig.
[0201/070954.409:WARNING:dns_config_service_win.cc(668)] Failed to read DnsConfig.
[0201/070959.428:WARNING:dns_config_service_win.cc(668)] Failed to read DnsConfig.
[0201/071004.438:WARNING:dns_config_service_win.cc(668)] Failed to read DnsConfig.
[0201/071009.461:WARNING:dns_config_service_win.cc(668)] Failed to read DnsConfig.
[0201/071014.482:WARNING:dns_config_service_win.cc(668)] Failed to read DnsConfig.
[0201/071019.499:WARNING:dns_config_service_win.cc(668)] Failed to read DnsConfig.
[0201/071024.520:WARNING:dns_config_service_win.cc(668)] Failed to read DnsConfig.
[0201/071029.535:WARNING:dns_config_service_win.cc(668)] Failed to read DnsConfig.
[0201/071034.584:WARNING:dns_config_service_win.cc(668)] Failed to read DnsConfig.
[0201/071039.610:WARNING:dns_config_service_win.cc(668)] Failed to read DnsConfig.
[0201/071044.637:WARNING:dns_config_service_win.cc(668)] Failed to read DnsConfig.
[0201/071049.661:WARNING:dns_config_service_win.cc(668)] Failed to read DnsConfig.
[0201/071054.677:WARNING:dns_config_service_win.cc(668)] Failed to read DnsConfig.
[0201/071059.689:WARNING:dns_config_service_win.cc(668)] Failed to read DnsConfig.
[0201/071104.710:WARNING:dns_config_service_win.cc(668)] Failed to read DnsConfig.
[0201/071109.724:WARNING:dns_config_service_win.cc(668)] Failed to read DnsConfig.
[0201/071114.742:WARNING:dns_config_service_win.cc(668)] Failed to read DnsConfig.
[0201/071119.752:WARNING:dns_config_service_win.cc(668)] Failed to read DnsConfig.
[0201/071124.767:WARNING:dns_config_service_win.cc(668)] Failed to read DnsConfig.
[0201/071129.785:WARNING:dns_config_service_win.cc(668)] Failed to read DnsConfig.
[0201/071134.825:WARNING:dns_config_service_win.cc(668)] Failed to read DnsConfig.
[0201/071139.837:WARNING:dns_config_service_win.cc(668)] Failed to read DnsConfig.
[0201/071144.847:WARNING:dns_config_service_win.cc(668)] Failed to read DnsConfig.
[0201/071149.863:WARNING:dns_config_service_win.cc(668)] Failed to read DnsConfig.
[0201/071154.869:WARNING:dns_config_service_win.cc(668)] Failed to read DnsConfig.
[0201/115302.594:WARNING:dns_config_service_win.cc(668)] Failed to read DnsConfig.
[0201/115308.026:WARNING:dns_config_service_win.cc(668)] Failed to read DnsConfig.
[0201/115313.188:WARNING:dns_config_service_win.cc(668)] Failed to read DnsConfig.
[0201/115318.209:WARNING:dns_config_service_win.cc(668)] Failed to read DnsConfig.
[0201/115323.518:WARNING:dns_config_service_win.cc(668)] Failed to read DnsConfig.
[0201/115328.532:WARNING:dns_config_service_win.cc(668)] Failed to read DnsConfig.
[0201/115333.540:WARNING:dns_config_service_win.cc(668)] Failed to read DnsConfig.
[0201/115338.555:WARNING:dns_config_service_win.cc(668)] Failed to read DnsConfig.
[0201/115343.569:WARNING:dns_config_service_win.cc(668)] Failed to read DnsConfig.
[0201/115348.589:WARNING:dns_config_service_win.cc(668)] Failed to read DnsConfig.
[0201/115759.728:WARNING:dns_config_service_win.cc(668)] Failed to read DnsConfig.
[0201/115804.746:WARNING:dns_config_service_win.cc(668)] Failed to read DnsConfig.
[0201/115809.765:WARNING:dns_config_service_win.cc(668)] Failed to read DnsConfig.
[0201/115814.784:WARNING:dns_config_service_win.cc(668)] Failed to read DnsConfig.
[0201/115819.811:WARNING:dns_config_service_win.cc(668)] Failed to read DnsConfig.
[0201/115824.848:WARNING:dns_config_service_win.cc(668)] Failed to read DnsConfig.
[0201/115829.890:WARNING:dns_config_service_win.cc(668)] Failed to read DnsConfig.
[0201/115834.919:WARNING:dns_config_service_win.cc(668)] Failed to read DnsConfig.
[0201/115839.938:WARNING:dns_config_service_win.cc(668)] Failed to read DnsConfig.
[0201/115844.960:WARNING:dns_config_service_win.cc(668)] Failed to read DnsConfig.
[0201/115849.990:WARNING:dns_config_service_win.cc(668)] Failed to read DnsConfig.
[0201/115855.025:WARNING:dns_config_service_win.cc(668)] Failed to read DnsConfig.
[0201/115900.035:WARNING:dns_config_service_win.cc(668)] Failed to read DnsConfig.
[0201/115905.061:WARNING:dns_config_service_win.cc(668)] Failed to read DnsConfig.
[0201/115910.081:WARNING:dns_config_service_win.cc(668)] Failed to read DnsConfig.
[0201/115915.088:WARNING:dns_config_service_win.cc(668)] Failed to read DnsConfig.
[0201/115920.100:WARNING:dns_config_service_win.cc(668)] Failed to read DnsConfig.
[0201/115925.124:WARNING:dns_config_service_win.cc(668)] Failed to read DnsConfig.
[0201/115930.139:WARNING:dns_config_service_win.cc(668)] Failed to read DnsConfig.
[0201/115935.158:WARNING:dns_config_service_win.cc(668)] Failed to read DnsConfig.
[0201/115940.181:WARNING:dns_config_service_win.cc(668)] Failed to read DnsConfig.
[0201/115945.200:WARNING:dns_config_service_win.cc(668)] Failed to read DnsConfig.
[0201/115950.212:WARNING:dns_config_service_win.cc(668)] Failed to read DnsConfig.
[0201/115955.235:WARNING:dns_config_service_win.cc(668)] Failed to read DnsConfig.
[0201/120000.258:WARNING:dns_config_service_win.cc(668)] Failed to read DnsConfig.
[0201/120005.277:WARNING:dns_config_service_win.cc(668)] Failed to read DnsConfig.
[0201/120010.291:WARNING:dns_config_service_win.cc(668)] Failed to read DnsConfig.
[0201/120015.332:WARNING:dns_config_service_win.cc(668)] Failed to read DnsConfig.
[0201/120020.371:WARNING:dns_config_service_win.cc(668)] Failed to read DnsConfig.
[0201/120025.394:WARNING:dns_config_service_win.cc(668)] Failed to read DnsConfig.
[0201/120030.434:WARNING:dns_config_service_win.cc(668)] Failed to read DnsConfig.
[0201/120035.464:WARNING:dns_config_service_win.cc(668)] Failed to read DnsConfig.
[0201/120040.494:WARNING:dns_config_service_win.cc(668)] Failed to read DnsConfig.
[0201/120045.515:WARNING:dns_config_service_win.cc(668)] Failed to read DnsConfig.
[0201/120050.543:WARNING:dns_config_service_win.cc(668)] Failed to read DnsConfig.
[0201/120055.562:WARNING:dns_config_service_win.cc(668)] Failed to read DnsConfig.
[0201/120100.573:WARNING:dns_config_service_win.cc(668)] Failed to read DnsConfig.
[0201/120105.592:WARNING:dns_config_service_win.cc(668)] Failed to read DnsConfig.
[0201/120110.606:WARNING:dns_config_service_win.cc(668)] Failed to read DnsConfig.
[0201/120115.616:WARNING:dns_config_service_win.cc(668)] Failed to read DnsConfig.
[0201/120120.635:WARNING:dns_config_service_win.cc(668)] Failed to read DnsConfig.
[0201/120125.642:WARNING:dns_config_service_win.cc(668)] Failed to read DnsConfig.
[0201/120130.662:WARNING:dns_config_service_win.cc(668)] Failed to read DnsConfig.
[0201/120135.678:WARNING:dns_config_service_win.cc(668)] Failed to read DnsConfig.
[0201/120140.712:WARNING:dns_config_service_win.cc(668)] Failed to read DnsConfig.
[0201/120145.739:WARNING:dns_config_service_win.cc(668)] Failed to read DnsConfig.
[0201/120150.759:WARNING:dns_config_service_win.cc(668)] Failed to read DnsConfig.
[0201/120155.777:WARNING:dns_config_service_win.cc(668)] Failed to read DnsConfig.
[0201/120200.795:WARNING:dns_config_service_win.cc(668)] Failed to read DnsConfig.
[0201/120205.815:WARNING:dns_config_service_win.cc(668)] Failed to read DnsConfig.
[0201/120210.847:WARNING:dns_config_service_win.cc(668)] Failed to read DnsConfig.
[0201/120215.870:WARNING:dns_config_service_win.cc(668)] Failed to read DnsConfig.
[0201/120220.890:WARNING:dns_config_service_win.cc(668)] Failed to read DnsConfig.
[0201/120225.915:WARNING:dns_config_service_win.cc(668)] Failed to read DnsConfig.
[0201/120230.956:WARNING:dns_config_service_win.cc(668)] Failed to read DnsConfig.
[0201/120235.968:WARNING:dns_config_service_win.cc(668)] Failed to read DnsConfig.
[0201/120241.012:WARNING:dns_config_service_win.cc(668)] Failed to read DnsConfig.
[0201/120246.122:WARNING:dns_config_service_win.cc(668)] Failed to read DnsConfig.
[0201/120251.140:WARNING:dns_config_service_win.cc(668)] Failed to read DnsConfig.
[0201/120256.150:WARNING:dns_config_service_win.cc(668)] Failed to read DnsConfig.
[0201/120301.166:WARNING:dns_config_service_win.cc(668)] Failed to read DnsConfig.
[0201/120306.185:WARNING:dns_config_service_win.cc(668)] Failed to read DnsConfig.
[0201/120311.200:WARNING:dns_config_service_win.cc(668)] Failed to read DnsConfig.
[0201/120316.227:WARNING:dns_config_service_win.cc(668)] Failed to read DnsConfig.
[0201/120321.234:WARNING:dns_config_service_win.cc(668)] Failed to read DnsConfig.
[0201/120326.241:WARNING:dns_config_service_win.cc(668)] Failed to read DnsConfig.
[0201/120331.256:WARNING:dns_config_service_win.cc(668)] Failed to read DnsConfig.
[0201/120336.276:WARNING:dns_config_service_win.cc(668)] Failed to read DnsConfig.
[0201/120341.294:WARNING:dns_config_service_win.cc(668)] Failed to read DnsConfig.
[0201/120346.301:WARNING:dns_config_service_win.cc(668)] Failed to read DnsConfig.
[0201/120351.321:WARNING:dns_config_service_win.cc(668)] Failed to read DnsConfig.
[0201/120356.338:WARNING:dns_config_service_win.cc(668)] Failed to read DnsConfig.
[0201/120401.352:WARNING:dns_config_service_win.cc(668)] Failed to read DnsConfig.
[0201/120406.364:WARNING:dns_config_service_win.cc(668)] Failed to read DnsConfig.
[0201/120411.385:WARNING:dns_config_service_win.cc(668)] Failed to read DnsConfig.
[0201/120416.398:WARNING:dns_config_service_win.cc(668)] Failed to read DnsConfig.
[0201/120421.408:WARNING:dns_config_service_win.cc(668)] Failed to read DnsConfig.
[0201/120426.426:WARNING:dns_config_service_win.cc(668)] Failed to read DnsConfig.
[0201/120431.450:WARNING:dns_config_service_win.cc(668)] Failed to read DnsConfig.
[0201/120436.462:WARNING:dns_config_service_win.cc(668)] Failed to read DnsConfig.
[0201/120441.474:WARNING:dns_config_service_win.cc(668)] Failed to read DnsConfig.
[0201/120446.492:WARNING:dns_config_service_win.cc(668)] Failed to read DnsConfig.
[0201/120451.512:WARNING:dns_config_service_win.cc(668)] Failed to read DnsConfig.
[0201/120456.524:WARNING:dns_config_service_win.cc(668)] Failed to read DnsConfig.
[0201/120501.534:WARNING:dns_config_service_win.cc(668)] Failed to read DnsConfig.
[0201/120506.563:WARNING:dns_config_service_win.cc(668)] Failed to read DnsConfig.
[0201/120511.586:WARNING:dns_config_service_win.cc(668)] Failed to read DnsConfig.
[0201/120516.603:WARNING:dns_config_service_win.cc(668)] Failed to read DnsConfig.
[0201/120521.613:WARNING:dns_config_service_win.cc(668)] Failed to read DnsConfig.
[0201/120523.449:WARNING:dns_config_service_win.cc(668)] Failed to read DnsConfig.
[0201/120523.692:WARNING:dns_config_service_win.cc(668)] Failed to read DnsConfig.
[0201/120742.952:WARNING:dns_config_service_win.cc(668)] Failed to read DnsConfig.
[0201/120747.981:WARNING:dns_config_service_win.cc(668)] Failed to read DnsConfig.
[0201/120752.999:WARNING:dns_config_service_win.cc(668)] Failed to read DnsConfig.
[0201/120758.013:WARNING:dns_config_service_win.cc(668)] Failed to read DnsConfig.
[0201/120803.022:WARNING:dns_config_service_win.cc(668)] Failed to read DnsConfig.
[0201/120808.073:WARNING:dns_config_service_win.cc(668)] Failed to read DnsConfig.
[0201/120813.109:WARNING:dns_config_service_win.cc(668)] Failed to read DnsConfig.
[0201/120818.121:WARNING:dns_config_service_win.cc(668)] Failed to read DnsConfig.
[0201/120823.130:WARNING:dns_config_service_win.cc(668)] Failed to read DnsConfig.
[0201/120828.144:WARNING:dns_config_service_win.cc(668)] Failed to read DnsConfig.
[0201/120833.170:WARNING:dns_config_service_win.cc(668)] Failed to read DnsConfig.
[0201/120838.181:WARNING:dns_config_service_win.cc(668)] Failed to read DnsConfig.
[0201/120843.207:WARNING:dns_config_service_win.cc(668)] Failed to read DnsConfig.
[0201/120848.225:WARNING:dns_config_service_win.cc(668)] Failed to read DnsConfig.
[0201/120853.232:WARNING:dns_config_service_win.cc(668)] Failed to read DnsConfig.
[0201/120858.245:WARNING:dns_config_service_win.cc(668)] Failed to read DnsConfig.
[0201/120903.257:WARNING:dns_config_service_win.cc(668)] Failed to read DnsConfig.
[0201/120908.269:WARNING:dns_config_service_win.cc(668)] Failed to read DnsConfig.
[0201/120913.275:WARNING:dns_config_service_win.cc(668)] Failed to read DnsConfig.
[0201/120918.294:WARNING:dns_config_service_win.cc(668)] Failed to read DnsConfig.
[0201/120923.340:WARNING:dns_config_service_win.cc(668)] Failed to read DnsConfig.
[0201/120928.354:WARNING:dns_config_service_win.cc(668)] Failed to read DnsConfig.
[0201/120933.367:WARNING:dns_config_service_win.cc(668)] Failed to read DnsConfig.
[0201/120938.386:WARNING:dns_config_service_win.cc(668)] Failed to read DnsConfig.
[0201/120943.422:WARNING:dns_config_service_win.cc(668)] Failed to read DnsConfig.
[0201/120948.438:WARNING:dns_config_service_win.cc(668)] Failed to read DnsConfig.
[0201/120953.460:WARNING:dns_config_service_win.cc(668)] Failed to read DnsConfig.
[0201/120958.477:WARNING:dns_config_service_win.cc(668)] Failed to read DnsConfig.
[0201/121003.492:WARNING:dns_config_service_win.cc(668)] Failed to read DnsConfig.
[0201/121008.524:WARNING:dns_config_service_win.cc(668)] Failed to read DnsConfig.
[0201/121013.536:WARNING:dns_config_service_win.cc(668)] Failed to read DnsConfig.
[0201/121018.561:WARNING:dns_config_service_win.cc(668)] Failed to read DnsConfig.
[0201/121023.569:WARNING:dns_config_service_win.cc(668)] Failed to read DnsConfig.
[0201/121028.600:WARNING:dns_config_service_win.cc(668)] Failed to read DnsConfig.
[0201/121033.609:WARNING:dns_config_service_win.cc(668)] Failed to read DnsConfig.
[0201/121038.617:WARNING:dns_config_service_win.cc(668)] Failed to read DnsConfig.
[0201/121043.656:WARNING:dns_config_service_win.cc(668)] Failed to read DnsConfig.
[0201/121048.666:WARNING:dns_config_service_win.cc(668)] Failed to read DnsConfig.
[0201/121053.714:WARNING:dns_config_service_win.cc(668)] Failed to read DnsConfig.
[0201/121058.732:WARNING:dns_config_service_win.cc(668)] Failed to read DnsConfig.
[0201/121103.751:WARNING:dns_config_service_win.cc(668)] Failed to read DnsConfig.
[0201/121108.769:WARNING:dns_config_service_win.cc(668)] Failed to read DnsConfig.
[0201/121113.789:WARNING:dns_config_service_win.cc(668)] Failed to read DnsConfig.
[0201/121118.817:WARNING:dns_config_service_win.cc(668)] Failed to read DnsConfig.
[0201/121123.835:WARNING:dns_config_service_win.cc(668)] Failed to read DnsConfig.
[0201/121128.851:WARNING:dns_config_service_win.cc(668)] Failed to read DnsConfig.
[0201/121133.869:WARNING:dns_config_service_win.cc(668)] Failed to read DnsConfig.
[0201/121138.881:WARNING:dns_config_service_win.cc(668)] Failed to read DnsConfig.
[0201/121143.890:WARNING:dns_config_service_win.cc(668)] Failed to read DnsConfig.
[0201/121148.903:WARNING:dns_config_service_win.cc(668)] Failed to read DnsConfig.
[0201/121153.928:WARNING:dns_config_service_win.cc(668)] Failed to read DnsConfig.
[0201/121158.939:WARNING:dns_config_service_win.cc(668)] Failed to read DnsConfig.
[0201/121203.973:WARNING:dns_config_service_win.cc(668)] Failed to read DnsConfig.
[0201/121209.001:WARNING:dns_config_service_win.cc(668)] Failed to read DnsConfig.
[0201/121214.011:WARNING:dns_config_service_win.cc(668)] Failed to read DnsConfig.
[0201/121219.029:WARNING:dns_config_service_win.cc(668)] Failed to read DnsConfig.
[0201/121224.065:WARNING:dns_config_service_win.cc(668)] Failed to read DnsConfig.
[0201/121229.077:WARNING:dns_config_service_win.cc(668)] Failed to read DnsConfig.
[0201/121234.087:WARNING:dns_config_service_win.cc(668)] Failed to read DnsConfig.
[0201/121239.108:WARNING:dns_config_service_win.cc(668)] Failed to read DnsConfig.
[0201/121244.125:WARNING:dns_config_service_win.cc(668)] Failed to read DnsConfig.
[0201/121249.141:WARNING:dns_config_service_win.cc(668)] Failed to read DnsConfig.
[0201/121254.154:WARNING:dns_config_service_win.cc(668)] Failed to read DnsConfig.
[0201/121259.210:WARNING:dns_config_service_win.cc(668)] Failed to read DnsConfig.
[0201/121304.228:WARNING:dns_config_service_win.cc(668)] Failed to read DnsConfig.
[0201/121309.240:WARNING:dns_config_service_win.cc(668)] Failed to read DnsConfig.
[0201/121314.258:WARNING:dns_config_service_win.cc(668)] Failed to read DnsConfig.
[0201/121319.276:WARNING:dns_config_service_win.cc(668)] Failed to read DnsConfig.
[0201/121324.285:WARNING:dns_config_service_win.cc(668)] Failed to read DnsConfig.
[0201/121329.291:WARNING:dns_config_service_win.cc(668)] Failed to read DnsConfig.
[0201/121334.323:WARNING:dns_config_service_win.cc(668)] Failed to read DnsConfig.
[0201/121339.338:WARNING:dns_config_service_win.cc(668)] Failed to read DnsConfig.
[0201/121344.390:WARNING:dns_config_service_win.cc(668)] Failed to read DnsConfig.
[0201/121349.397:WARNING:dns_config_service_win.cc(668)] Failed to read DnsConfig.
[0201/121354.413:WARNING:dns_config_service_win.cc(668)] Failed to read DnsConfig.
[0201/121359.430:WARNING:dns_config_service_win.cc(668)] Failed to read DnsConfig.
[0201/121404.447:WARNING:dns_config_service_win.cc(668)] Failed to read DnsConfig.
[0201/121409.457:WARNING:dns_config_service_win.cc(668)] Failed to read DnsConfig.
[0201/121414.502:WARNING:dns_config_service_win.cc(668)] Failed to read DnsConfig.
[0201/121419.523:WARNING:dns_config_service_win.cc(668)] Failed to read DnsConfig.
[0201/121424.555:WARNING:dns_config_service_win.cc(668)] Failed to read DnsConfig.
[0201/121429.577:WARNING:dns_config_service_win.cc(668)] Failed to read DnsConfig.
[0201/121434.611:WARNING:dns_config_service_win.cc(668)] Failed to read DnsConfig.
[0201/121439.639:WARNING:dns_config_service_win.cc(668)] Failed to read DnsConfig.
[0201/121444.666:WARNING:dns_config_service_win.cc(668)] Failed to read DnsConfig.
[0201/121449.688:WARNING:dns_config_service_win.cc(668)] Failed to read DnsConfig.
[0201/121454.707:WARNING:dns_config_service_win.cc(668)] Failed to read DnsConfig.
[0201/121459.721:WARNING:dns_config_service_win.cc(668)] Failed to read DnsConfig.
[0201/121504.742:WARNING:dns_config_service_win.cc(668)] Failed to read DnsConfig.
[0201/121509.806:WARNING:dns_config_service_win.cc(668)] Failed to read DnsConfig.
[0201/121514.826:WARNING:dns_config_service_win.cc(668)] Failed to read DnsConfig.
[0201/121519.862:WARNING:dns_config_service_win.cc(668)] Failed to read DnsConfig.
[0201/121524.880:WARNING:dns_config_service_win.cc(668)] Failed to read DnsConfig.
[0201/121529.907:WARNING:dns_config_service_win.cc(668)] Failed to read DnsConfig.
[0201/121534.946:WARNING:dns_config_service_win.cc(668)] Failed to read DnsConfig.
[0201/121539.978:WARNING:dns_config_service_win.cc(668)] Failed to read DnsConfig.
[0201/121544.999:WARNING:dns_config_service_win.cc(668)] Failed to read DnsConfig.
[0201/121550.016:WARNING:dns_config_service_win.cc(668)] Failed to read DnsConfig.
[0201/121555.044:WARNING:dns_config_service_win.cc(668)] Failed to read DnsConfig.
[0201/121600.057:WARNING:dns_config_service_win.cc(668)] Failed to read DnsConfig.
[0201/121605.078:WARNING:dns_config_service_win.cc(668)] Failed to read DnsConfig.
[0201/121610.088:WARNING:dns_config_service_win.cc(668)] Failed to read DnsConfig.
[0201/121615.103:WARNING:dns_config_service_win.cc(668)] Failed to read DnsConfig.
[0201/121620.115:WARNING:dns_config_service_win.cc(668)] Failed to read DnsConfig.
[0201/121625.131:WARNING:dns_config_service_win.cc(668)] Failed to read DnsConfig.
[0201/121630.151:WARNING:dns_config_service_win.cc(668)] Failed to read DnsConfig.
[0201/121635.189:WARNING:dns_config_service_win.cc(668)] Failed to read DnsConfig.
[0201/121640.207:WARNING:dns_config_service_win.cc(668)] Failed to read DnsConfig.
[0201/121645.223:WARNING:dns_config_service_win.cc(668)] Failed to read DnsConfig.
[0201/121650.244:WARNING:dns_config_service_win.cc(668)] Failed to read DnsConfig.
[0201/121655.319:WARNING:dns_config_service_win.cc(668)] Failed to read DnsConfig.
[0201/121700.404:WARNING:dns_config_service_win.cc(668)] Failed to read DnsConfig.
[0201/121705.422:WARNING:dns_config_service_win.cc(668)] Failed to read DnsConfig.
[0201/121710.444:WARNING:dns_config_service_win.cc(668)] Failed to read DnsConfig.
[0201/121715.455:WARNING:dns_config_service_win.cc(668)] Failed to read DnsConfig.
[0201/121720.479:WARNING:dns_config_service_win.cc(668)] Failed to read DnsConfig.
[0201/121725.268:WARNING:dns_config_service_win.cc(668)] Failed to read DnsConfig.
[0201/121725.340:WARNING:dns_config_service_win.cc(668)] Failed to read DnsConfig.
[0201/121725.355:WARNING:dns_config_service_win.cc(668)] Failed to read DnsConfig.
[0201/121725.499:WARNING:dns_config_service_win.cc(668)] Failed to read DnsConfig.
[0201/121730.335:WARNING:dns_config_service_win.cc(668)] Failed to read DnsConfig.
[0201/121730.405:WARNING:dns_config_service_win.cc(668)] Failed to read DnsConfig.
[0201/121730.533:WARNING:dns_config_service_win.cc(668)] Failed to read DnsConfig.
[0201/121735.345:WARNING:dns_config_service_win.cc(668)] Failed to read DnsConfig.
[0201/121735.426:WARNING:dns_config_service_win.cc(668)] Failed to read DnsConfig.
[0201/121735.551:WARNING:dns_config_service_win.cc(668)] Failed to read DnsConfig.
[0201/121740.360:WARNING:dns_config_service_win.cc(668)] Failed to read DnsConfig.
[0201/121740.435:WARNING:dns_config_service_win.cc(668)] Failed to read DnsConfig.
[0201/121740.572:WARNING:dns_config_service_win.cc(668)] Failed to read DnsConfig.
[0201/121745.378:WARNING:dns_config_service_win.cc(668)] Failed to read DnsConfig.
[0201/121745.458:WARNING:dns_config_service_win.cc(668)] Failed to read DnsConfig.
[0201/121745.598:WARNING:dns_config_service_win.cc(668)] Failed to read DnsConfig.
[0201/121750.397:WARNING:dns_config_service_win.cc(668)] Failed to read DnsConfig.
[0201/121750.517:WARNING:dns_config_service_win.cc(668)] Failed to read DnsConfig.
[0201/121750.619:WARNING:dns_config_service_win.cc(668)] Failed to read DnsConfig.
[0201/121755.454:WARNING:dns_config_service_win.cc(668)] Failed to read DnsConfig.
[0201/121755.530:WARNING:dns_config_service_win.cc(668)] Failed to read DnsConfig.
[0201/121755.665:WARNING:dns_config_service_win.cc(668)] Failed to read DnsConfig.
[0201/121800.527:WARNING:dns_config_service_win.cc(668)] Failed to read DnsConfig.
[0201/121800.581:WARNING:dns_config_service_win.cc(668)] Failed to read DnsConfig.
[0201/121800.696:WARNING:dns_config_service_win.cc(668)] Failed to read DnsConfig.
[0201/121805.603:WARNING:dns_config_service_win.cc(668)] Failed to read DnsConfig.
[0201/121805.714:WARNING:dns_config_service_win.cc(668)] Failed to read DnsConfig.
[0201/121810.617:WARNING:dns_config_service_win.cc(668)] Failed to read DnsConfig.
[0201/121810.740:WARNING:dns_config_service_win.cc(668)] Failed to read DnsConfig.
[0201/121815.632:WARNING:dns_config_service_win.cc(668)] Failed to read DnsConfig.
[0201/121815.755:WARNING:dns_config_service_win.cc(668)] Failed to read DnsConfig.
[0201/121820.669:WARNING:dns_config_service_win.cc(668)] Failed to read DnsConfig.
[0201/121820.771:WARNING:dns_config_service_win.cc(668)] Failed to read DnsConfig.
[0201/121825.684:WARNING:dns_config_service_win.cc(668)] Failed to read DnsConfig.
[0201/121825.790:WARNING:dns_config_service_win.cc(668)] Failed to read DnsConfig.
[0201/121830.740:WARNING:dns_config_service_win.cc(668)] Failed to read DnsConfig.
[0201/121830.804:WARNING:dns_config_service_win.cc(668)] Failed to read DnsConfig.
[0201/121835.757:WARNING:dns_config_service_win.cc(668)] Failed to read DnsConfig.
[0201/121835.833:WARNING:dns_config_service_win.cc(668)] Failed to read DnsConfig.
[0201/121840.773:WARNING:dns_config_service_win.cc(668)] Failed to read DnsConfig.
[0201/121840.854:WARNING:dns_config_service_win.cc(668)] Failed to read DnsConfig.
[0201/121845.784:WARNING:dns_config_service_win.cc(668)] Failed to read DnsConfig.
[0201/121845.876:WARNING:dns_config_service_win.cc(668)] Failed to read DnsConfig.
[0201/121847.877:WARNING:dns_config_service_win.cc(668)] Failed to read DnsConfig.
[0201/121847.923:WARNING:dns_config_service_win.cc(668)] Failed to read DnsConfig.
[0201/121847.998:WARNING:dns_config_service_win.cc(668)] Failed to read DnsConfig.
[0201/121848.962:WARNING:dns_config_service_win.cc(668)] Failed to read DnsConfig.
[0201/121850.846:WARNING:dns_config_service_win.cc(668)] Failed to read DnsConfig.
[0201/121855.464:WARNING:dns_config_service_win.cc(668)] Failed to read DnsConfig.
[0201/121855.502:WARNING:dns_config_service_win.cc(668)] Failed to read DnsConfig.
[0201/121855.922:WARNING:dns_config_service_win.cc(668)] Failed to read DnsConfig.
[0201/121900.481:WARNING:dns_config_service_win.cc(668)] Failed to read DnsConfig.
[0201/121900.513:WARNING:dns_config_service_win.cc(668)] Failed to read DnsConfig.
[0201/121900.934:WARNING:dns_config_service_win.cc(668)] Failed to read DnsConfig.
[0201/121905.500:WARNING:dns_config_service_win.cc(668)] Failed to read DnsConfig.
[0201/121905.579:WARNING:dns_config_service_win.cc(668)] Failed to read DnsConfig.
[0201/121905.946:WARNING:dns_config_service_win.cc(668)] Failed to read DnsConfig.
[0201/121910.519:WARNING:dns_config_service_win.cc(668)] Failed to read DnsConfig.
[0201/121910.596:WARNING:dns_config_service_win.cc(668)] Failed to read DnsConfig.
[0201/121911.007:WARNING:dns_config_service_win.cc(668)] Failed to read DnsConfig.
[0201/121915.529:WARNING:dns_config_service_win.cc(668)] Failed to read DnsConfig.
[0201/121915.609:WARNING:dns_config_service_win.cc(668)] Failed to read DnsConfig.
[0201/121916.026:WARNING:dns_config_service_win.cc(668)] Failed to read DnsConfig.
[0201/121920.557:WARNING:dns_config_service_win.cc(668)] Failed to read DnsConfig.
[0201/121920.630:WARNING:dns_config_service_win.cc(668)] Failed to read DnsConfig.
[0201/121921.040:WARNING:dns_config_service_win.cc(668)] Failed to read DnsConfig.
[0201/121925.609:WARNING:dns_config_service_win.cc(668)] Failed to read DnsConfig.
[0201/121925.662:WARNING:dns_config_service_win.cc(668)] Failed to read DnsConfig.
[0201/121926.056:WARNING:dns_config_service_win.cc(668)] Failed to read DnsConfig.
[0201/121930.629:WARNING:dns_config_service_win.cc(668)] Failed to read DnsConfig.
[0201/121930.696:WARNING:dns_config_service_win.cc(668)] Failed to read DnsConfig.
[0201/121931.082:WARNING:dns_config_service_win.cc(668)] Failed to read DnsConfig.
[0201/121935.640:WARNING:dns_config_service_win.cc(668)] Failed to read DnsConfig.
[0201/121935.718:WARNING:dns_config_service_win.cc(668)] Failed to read DnsConfig.
[0201/121936.096:WARNING:dns_config_service_win.cc(668)] Failed to read DnsConfig.
[0201/121940.646:WARNING:dns_config_service_win.cc(668)] Failed to read DnsConfig.
[0201/121940.726:WARNING:dns_config_service_win.cc(668)] Failed to read DnsConfig.
[0201/121941.110:WARNING:dns_config_service_win.cc(668)] Failed to read DnsConfig.
[0201/121945.657:WARNING:dns_config_service_win.cc(668)] Failed to read DnsConfig.
[0201/121945.738:WARNING:dns_config_service_win.cc(668)] Failed to read DnsConfig.
[0201/121946.118:WARNING:dns_config_service_win.cc(668)] Failed to read DnsConfig.
[0201/121950.674:WARNING:dns_config_service_win.cc(668)] Failed to read DnsConfig.
[0201/121950.768:WARNING:dns_config_service_win.cc(668)] Failed to read DnsConfig.
[0201/121951.142:WARNING:dns_config_service_win.cc(668)] Failed to read DnsConfig.
[0201/121955.687:WARNING:dns_config_service_win.cc(668)] Failed to read DnsConfig.
[0201/121955.782:WARNING:dns_config_service_win.cc(668)] Failed to read DnsConfig.
[0201/121956.160:WARNING:dns_config_service_win.cc(668)] Failed to read DnsConfig.
[0201/122000.702:WARNING:dns_config_service_win.cc(668)] Failed to read DnsConfig.
[0201/122000.810:WARNING:dns_config_service_win.cc(668)] Failed to read DnsConfig.
[0201/122001.178:WARNING:dns_config_service_win.cc(668)] Failed to read DnsConfig.
[0201/122005.712:WARNING:dns_config_service_win.cc(668)] Failed to read DnsConfig.
[0201/122005.824:WARNING:dns_config_service_win.cc(668)] Failed to read DnsConfig.
[0201/122006.221:WARNING:dns_config_service_win.cc(668)] Failed to read DnsConfig.
[0201/122010.738:WARNING:dns_config_service_win.cc(668)] Failed to read DnsConfig.
[0201/122010.856:WARNING:dns_config_service_win.cc(668)] Failed to read DnsConfig.
[0201/122011.256:WARNING:dns_config_service_win.cc(668)] Failed to read DnsConfig.
[0201/122015.755:WARNING:dns_config_service_win.cc(668)] Failed to read DnsConfig.
[0201/122015.877:WARNING:dns_config_service_win.cc(668)] Failed to read DnsConfig.
[0201/122016.279:WARNING:dns_config_service_win.cc(668)] Failed to read DnsConfig.
[0201/122020.772:WARNING:dns_config_service_win.cc(668)] Failed to read DnsConfig.
[0201/122020.906:WARNING:dns_config_service_win.cc(668)] Failed to read DnsConfig.
[0201/122021.291:WARNING:dns_config_service_win.cc(668)] Failed to read DnsConfig.
[0201/122025.787:WARNING:dns_config_service_win.cc(668)] Failed to read DnsConfig.
[0201/122025.928:WARNING:dns_config_service_win.cc(668)] Failed to read DnsConfig.
[0201/122026.309:WARNING:dns_config_service_win.cc(668)] Failed to read DnsConfig.
[0201/122030.807:WARNING:dns_config_service_win.cc(668)] Failed to read DnsConfig.
[0201/122030.958:WARNING:dns_config_service_win.cc(668)] Failed to read DnsConfig.
[0201/122031.327:WARNING:dns_config_service_win.cc(668)] Failed to read DnsConfig.
[0201/122039.260:WARNING:dns_config_service_win.cc(668)] Failed to read DnsConfig.
[0201/122044.309:WARNING:dns_config_service_win.cc(668)] Failed to read DnsConfig.
[0201/122049.332:WARNING:dns_config_service_win.cc(668)] Failed to read DnsConfig.
[0201/122054.351:WARNING:dns_config_service_win.cc(668)] Failed to read DnsConfig.
[0201/122059.364:WARNING:dns_config_service_win.cc(668)] Failed to read DnsConfig.
[0201/122104.379:WARNING:dns_config_service_win.cc(668)] Failed to read DnsConfig.
[0201/122109.411:WARNING:dns_config_service_win.cc(668)] Failed to read DnsConfig.
[0201/122114.426:WARNING:dns_config_service_win.cc(668)] Failed to read DnsConfig.
[0201/122118.240:WARNING:dns_config_service_win.cc(668)] Failed to read DnsConfig.
[0201/122119.444:WARNING:dns_config_service_win.cc(668)] Failed to read DnsConfig.
[0201/122123.253:WARNING:dns_config_service_win.cc(668)] Failed to read DnsConfig.
[0201/122124.456:WARNING:dns_config_service_win.cc(668)] Failed to read DnsConfig.
[0201/122128.267:WARNING:dns_config_service_win.cc(668)] Failed to read DnsConfig.
[0201/122129.485:WARNING:dns_config_service_win.cc(668)] Failed to read DnsConfig.
[0201/122133.284:WARNING:dns_config_service_win.cc(668)] Failed to read DnsConfig.
[0201/122134.502:WARNING:dns_config_service_win.cc(668)] Failed to read DnsConfig.
[0201/122138.305:WARNING:dns_config_service_win.cc(668)] Failed to read DnsConfig.
[0201/122139.520:WARNING:dns_config_service_win.cc(668)] Failed to read DnsConfig.
[0201/122143.315:WARNING:dns_config_service_win.cc(668)] Failed to read DnsConfig.
[0201/122144.539:WARNING:dns_config_service_win.cc(668)] Failed to read DnsConfig.
[0201/122148.327:WARNING:dns_config_service_win.cc(668)] Failed to read DnsConfig.
[0201/122149.568:WARNING:dns_config_service_win.cc(668)] Failed to read DnsConfig.
[0201/122153.349:WARNING:dns_config_service_win.cc(668)] Failed to read DnsConfig.
[0201/122154.587:WARNING:dns_config_service_win.cc(668)] Failed to read DnsConfig.
[0201/122158.391:WARNING:dns_config_service_win.cc(668)] Failed to read DnsConfig.
[0201/122159.605:WARNING:dns_config_service_win.cc(668)] Failed to read DnsConfig.
[0201/122203.433:WARNING:dns_config_service_win.cc(668)] Failed to read DnsConfig.
[0201/122204.625:WARNING:dns_config_service_win.cc(668)] Failed to read DnsConfig.
[0201/122208.468:WARNING:dns_config_service_win.cc(668)] Failed to read DnsConfig.
[0201/122209.646:WARNING:dns_config_service_win.cc(668)] Failed to read DnsConfig.
[0201/122213.491:WARNING:dns_config_service_win.cc(668)] Failed to read DnsConfig.
[0201/122214.668:WARNING:dns_config_service_win.cc(668)] Failed to read DnsConfig.
[0201/122218.506:WARNING:dns_config_service_win.cc(668)] Failed to read DnsConfig.
[0201/122219.686:WARNING:dns_config_service_win.cc(668)] Failed to read DnsConfig.
[0201/122223.535:WARNING:dns_config_service_win.cc(668)] Failed to read DnsConfig.
[0201/122224.695:WARNING:dns_config_service_win.cc(668)] Failed to read DnsConfig.
[0201/122228.615:WARNING:dns_config_service_win.cc(668)] Failed to read DnsConfig.
[0201/122229.704:WARNING:dns_config_service_win.cc(668)] Failed to read DnsConfig.
[0201/122233.645:WARNING:dns_config_service_win.cc(668)] Failed to read DnsConfig.
[0201/122234.711:WARNING:dns_config_service_win.cc(668)] Failed to read DnsConfig.
[0201/122238.674:WARNING:dns_config_service_win.cc(668)] Failed to read DnsConfig.
[0201/122239.763:WARNING:dns_config_service_win.cc(668)] Failed to read DnsConfig.
[0201/122243.723:WARNING:dns_config_service_win.cc(668)] Failed to read DnsConfig.
[0201/122244.781:WARNING:dns_config_service_win.cc(668)] Failed to read DnsConfig.
[0201/122248.730:WARNING:dns_config_service_win.cc(668)] Failed to read DnsConfig.
[0201/122249.796:WARNING:dns_config_service_win.cc(668)] Failed to read DnsConfig.
[0201/122253.770:WARNING:dns_config_service_win.cc(668)] Failed to read DnsConfig.
[0201/122254.834:WARNING:dns_config_service_win.cc(668)] Failed to read DnsConfig.
[0201/122258.787:WARNING:dns_config_service_win.cc(668)] Failed to read DnsConfig.
[0201/122259.845:WARNING:dns_config_service_win.cc(668)] Failed to read DnsConfig.
[0201/122303.815:WARNING:dns_config_service_win.cc(668)] Failed to read DnsConfig.
[0201/122304.860:WARNING:dns_config_service_win.cc(668)] Failed to read DnsConfig.
[0201/122308.841:WARNING:dns_config_service_win.cc(668)] Failed to read DnsConfig.
[0201/122309.876:WARNING:dns_config_service_win.cc(668)] Failed to read DnsConfig.
[0201/122313.857:WARNING:dns_config_service_win.cc(668)] Failed to read DnsConfig.
[0201/122314.898:WARNING:dns_config_service_win.cc(668)] Failed to read DnsConfig.
[0201/122318.873:WARNING:dns_config_service_win.cc(668)] Failed to read DnsConfig.
[0201/122319.918:WARNING:dns_config_service_win.cc(668)] Failed to read DnsConfig.
[0201/122323.891:WARNING:dns_config_service_win.cc(668)] Failed to read DnsConfig.
[0201/122324.929:WARNING:dns_config_service_win.cc(668)] Failed to read DnsConfig.
[0201/122328.907:WARNING:dns_config_service_win.cc(668)] Failed to read DnsConfig.
[0201/122329.940:WARNING:dns_config_service_win.cc(668)] Failed to read DnsConfig.
[0201/122333.926:WARNING:dns_config_service_win.cc(668)] Failed to read DnsConfig.
[0201/122334.954:WARNING:dns_config_service_win.cc(668)] Failed to read DnsConfig.
[0201/122338.948:WARNING:dns_config_service_win.cc(668)] Failed to read DnsConfig.
[0201/122339.961:WARNING:dns_config_service_win.cc(668)] Failed to read DnsConfig.
[0201/122343.989:WARNING:dns_config_service_win.cc(668)] Failed to read DnsConfig.
[0201/122344.973:WARNING:dns_config_service_win.cc(668)] Failed to read DnsConfig.
[0201/122349.009:WARNING:dns_config_service_win.cc(668)] Failed to read DnsConfig.
[0201/122349.982:WARNING:dns_config_service_win.cc(668)] Failed to read DnsConfig.
[0201/122354.104:WARNING:dns_config_service_win.cc(668)] Failed to read DnsConfig.
[0201/122355.034:WARNING:dns_config_service_win.cc(668)] Failed to read DnsConfig.
[0201/122359.135:WARNING:dns_config_service_win.cc(668)] Failed to read DnsConfig.
[0201/122400.050:WARNING:dns_config_service_win.cc(668)] Failed to read DnsConfig.
[0201/122404.152:WARNING:dns_config_service_win.cc(668)] Failed to read DnsConfig.
[0201/122405.057:WARNING:dns_config_service_win.cc(668)] Failed to read DnsConfig.
[0201/123207.199:WARNING:dns_config_service_win.cc(668)] Failed to read DnsConfig.
[0201/123212.219:WARNING:dns_config_service_win.cc(668)] Failed to read DnsConfig.
[0201/123217.229:WARNING:dns_config_service_win.cc(668)] Failed to read DnsConfig.
[0201/123222.239:WARNING:dns_config_service_win.cc(668)] Failed to read DnsConfig.
[0201/123227.255:WARNING:dns_config_service_win.cc(668)] Failed to read DnsConfig.
[0201/123232.275:WARNING:dns_config_service_win.cc(668)] Failed to read DnsConfig.
[0201/123237.298:WARNING:dns_config_service_win.cc(668)] Failed to read DnsConfig.
[0201/123239.882:WARNING:dns_config_service_win.cc(668)] Failed to read DnsConfig.
[0201/123240.093:WARNING:dns_config_service_win.cc(668)] Failed to read DnsConfig.
[0201/123242.339:WARNING:dns_config_service_win.cc(668)] Failed to read DnsConfig.
[0201/123243.141:WARNING:dns_config_service_win.cc(668)] Failed to read DnsConfig.
[0201/123243.515:WARNING:dns_config_service_win.cc(668)] Failed to read DnsConfig.
[0201/123244.921:WARNING:dns_config_service_win.cc(668)] Failed to read DnsConfig.
[0201/123245.114:WARNING:dns_config_service_win.cc(668)] Failed to read DnsConfig.
[0201/123245.560:WARNING:dns_config_service_win.cc(668)] Failed to read DnsConfig.
[0201/123246.107:WARNING:dns_config_service_win.cc(668)] Failed to read DnsConfig.
[0201/123246.197:WARNING:dns_config_service_win.cc(668)] Failed to read DnsConfig.
[0201/123246.284:WARNING:dns_config_service_win.cc(668)] Failed to read DnsConfig.
[0201/123247.410:WARNING:dns_config_service_win.cc(668)] Failed to read DnsConfig.
[0201/123247.455:WARNING:dns_config_service_win.cc(668)] Failed to read DnsConfig.
[0201/123248.170:WARNING:dns_config_service_win.cc(668)] Failed to read DnsConfig.
[0201/123652.606:WARNING:dns_config_service_win.cc(668)] Failed to read DnsConfig.
[0201/165616.368:WARNING:dns_config_service_win.cc(668)] Failed to read DnsConfig.
[0201/165622.398:WARNING:dns_config_service_win.cc(668)] Failed to read DnsConfig.
[0201/165627.417:WARNING:dns_config_service_win.cc(668)] Failed to read DnsConfig.
[0201/165633.009:WARNING:dns_config_service_win.cc(668)] Failed to read DnsConfig.
[0201/165638.333:WARNING:dns_config_service_win.cc(668)] Failed to read DnsConfig.
[0201/165643.351:WARNING:dns_config_service_win.cc(668)] Failed to read DnsConfig.
[0201/165648.420:WARNING:dns_config_service_win.cc(668)] Failed to read DnsConfig.
[0201/165653.477:WARNING:dns_config_service_win.cc(668)] Failed to read DnsConfig.
[0201/165658.500:WARNING:dns_config_service_win.cc(668)] Failed to read DnsConfig.
[0201/165704.164:WARNING:dns_config_service_win.cc(668)] Failed to read DnsConfig.
[0201/165709.357:WARNING:dns_config_service_win.cc(668)] Failed to read DnsConfig.
[0201/165714.371:WARNING:dns_config_service_win.cc(668)] Failed to read DnsConfig.
[0201/165719.772:WARNING:dns_config_service_win.cc(668)] Failed to read DnsConfig.
[0201/165724.785:WARNING:dns_config_service_win.cc(668)] Failed to read DnsConfig.
[0201/165729.822:WARNING:dns_config_service_win.cc(668)] Failed to read DnsConfig.
[0201/165734.850:WARNING:dns_config_service_win.cc(668)] Failed to read DnsConfig.
[0201/165739.855:WARNING:dns_config_service_win.cc(668)] Failed to read DnsConfig.
[0201/165744.861:WARNING:dns_config_service_win.cc(668)] Failed to read DnsConfig.
[0201/165749.878:WARNING:dns_config_service_win.cc(668)] Failed to read DnsConfig.
[0201/165754.920:WARNING:dns_config_service_win.cc(668)] Failed to read DnsConfig.
[0201/165759.942:WARNING:dns_config_service_win.cc(668)] Failed to read DnsConfig.
[0201/165804.960:WARNING:dns_config_service_win.cc(668)] Failed to read DnsConfig.
[0201/165809.974:WARNING:dns_config_service_win.cc(668)] Failed to read DnsConfig.
[0201/165814.994:WARNING:dns_config_service_win.cc(668)] Failed to read DnsConfig.
[0201/165820.040:WARNING:dns_config_service_win.cc(668)] Failed to read DnsConfig.
[0201/165825.050:WARNING:dns_config_service_win.cc(668)] Failed to read DnsConfig.
[0201/165830.071:WARNING:dns_config_service_win.cc(668)] Failed to read DnsConfig.
[0201/165835.090:WARNING:dns_config_service_win.cc(668)] Failed to read DnsConfig.
[0201/165840.133:WARNING:dns_config_service_win.cc(668)] Failed to read DnsConfig.
[0201/165845.255:WARNING:dns_config_service_win.cc(668)] Failed to read DnsConfig.
[0201/165850.274:WARNING:dns_config_service_win.cc(668)] Failed to read DnsConfig.
[0201/165855.292:WARNING:dns_config_service_win.cc(668)] Failed to read DnsConfig.
[0201/165900.310:WARNING:dns_config_service_win.cc(668)] Failed to read DnsConfig.
[0201/165905.320:WARNING:dns_config_service_win.cc(668)] Failed to read DnsConfig.
[0201/165910.333:WARNING:dns_config_service_win.cc(668)] Failed to read DnsConfig.
[0201/165915.410:WARNING:dns_config_service_win.cc(668)] Failed to read DnsConfig.
[0201/165920.427:WARNING:dns_config_service_win.cc(668)] Failed to read DnsConfig.
[0201/165925.451:WARNING:dns_config_service_win.cc(668)] Failed to read DnsConfig.
[0201/165930.472:WARNING:dns_config_service_win.cc(668)] Failed to read DnsConfig.
[0201/165935.486:WARNING:dns_config_service_win.cc(668)] Failed to read DnsConfig.
[0201/165940.501:WARNING:dns_config_service_win.cc(668)] Failed to read DnsConfig.
[0201/165945.528:WARNING:dns_config_service_win.cc(668)] Failed to read DnsConfig.
[0201/165950.545:WARNING:dns_config_service_win.cc(668)] Failed to read DnsConfig.
[0201/165955.568:WARNING:dns_config_service_win.cc(668)] Failed to read DnsConfig.
[0201/170000.585:WARNING:dns_config_service_win.cc(668)] Failed to read DnsConfig.
[0201/170005.605:WARNING:dns_config_service_win.cc(668)] Failed to read DnsConfig.
[0201/170010.617:WARNING:dns_config_service_win.cc(668)] Failed to read DnsConfig.
[0201/170015.632:WARNING:dns_config_service_win.cc(668)] Failed to read DnsConfig.
[0201/170020.643:WARNING:dns_config_service_win.cc(668)] Failed to read DnsConfig.
[0201/170025.658:WARNING:dns_config_service_win.cc(668)] Failed to read DnsConfig.
[0201/170030.663:WARNING:dns_config_service_win.cc(668)] Failed to read DnsConfig.
[0201/170035.682:WARNING:dns_config_service_win.cc(668)] Failed to read DnsConfig.
[0201/170040.710:WARNING:dns_config_service_win.cc(668)] Failed to read DnsConfig.
[0201/170045.750:WARNING:dns_config_service_win.cc(668)] Failed to read DnsConfig.
[0201/170050.763:WARNING:dns_config_service_win.cc(668)] Failed to read DnsConfig.
[0201/170055.775:WARNING:dns_config_service_win.cc(668)] Failed to read DnsConfig.
[0201/170100.793:WARNING:dns_config_service_win.cc(668)] Failed to read DnsConfig.
[0201/170105.813:WARNING:dns_config_service_win.cc(668)] Failed to read DnsConfig.
[0201/170110.897:WARNING:dns_config_service_win.cc(668)] Failed to read DnsConfig.
[0201/170115.915:WARNING:dns_config_service_win.cc(668)] Failed to read DnsConfig.
[0201/170120.967:WARNING:dns_config_service_win.cc(668)] Failed to read DnsConfig.
[0201/170125.987:WARNING:dns_config_service_win.cc(668)] Failed to read DnsConfig.
[0201/170131.016:WARNING:dns_config_service_win.cc(668)] Failed to read DnsConfig.
[0201/170136.029:WARNING:dns_config_service_win.cc(668)] Failed to read DnsConfig.
[0201/170141.385:WARNING:dns_config_service_win.cc(668)] Failed to read DnsConfig.
[0201/170146.400:WARNING:dns_config_service_win.cc(668)] Failed to read DnsConfig.
[0201/170151.431:WARNING:dns_config_service_win.cc(668)] Failed to read DnsConfig.
[0201/170156.483:WARNING:dns_config_service_win.cc(668)] Failed to read DnsConfig.
[0201/170201.502:WARNING:dns_config_service_win.cc(668)] Failed to read DnsConfig.
[0201/170206.521:WARNING:dns_config_service_win.cc(668)] Failed to read DnsConfig.
[0201/170211.540:WARNING:dns_config_service_win.cc(668)] Failed to read DnsConfig.
[0201/170216.572:WARNING:dns_config_service_win.cc(668)] Failed to read DnsConfig.
[0201/170221.593:WARNING:dns_config_service_win.cc(668)] Failed to read DnsConfig.
[0201/170226.614:WARNING:dns_config_service_win.cc(668)] Failed to read DnsConfig.
[0201/170231.629:WARNING:dns_config_service_win.cc(668)] Failed to read DnsConfig.
[0201/170236.655:WARNING:dns_config_service_win.cc(668)] Failed to read DnsConfig.
[0201/170241.663:WARNING:dns_config_service_win.cc(668)] Failed to read DnsConfig.
[0201/170246.673:WARNING:dns_config_service_win.cc(668)] Failed to read DnsConfig.
[0201/170251.684:WARNING:dns_config_service_win.cc(668)] Failed to read DnsConfig.
[0201/170256.701:WARNING:dns_config_service_win.cc(668)] Failed to read DnsConfig.
[0201/170301.721:WARNING:dns_config_service_win.cc(668)] Failed to read DnsConfig.
[0201/170306.729:WARNING:dns_config_service_win.cc(668)] Failed to read DnsConfig.
[0201/170311.740:WARNING:dns_config_service_win.cc(668)] Failed to read DnsConfig.
[0201/170316.765:WARNING:dns_config_service_win.cc(668)] Failed to read DnsConfig.
[0201/170321.782:WARNING:dns_config_service_win.cc(668)] Failed to read DnsConfig.
[0201/170326.799:WARNING:dns_config_service_win.cc(668)] Failed to read DnsConfig.
[0201/170331.807:WARNING:dns_config_service_win.cc(668)] Failed to read DnsConfig.
[0201/170336.815:WARNING:dns_config_service_win.cc(668)] Failed to read DnsConfig.
[0201/170341.831:WARNING:dns_config_service_win.cc(668)] Failed to read DnsConfig.
[0201/170346.853:WARNING:dns_config_service_win.cc(668)] Failed to read DnsConfig.
[0201/170351.872:WARNING:dns_config_service_win.cc(668)] Failed to read DnsConfig.
[0201/170356.885:WARNING:dns_config_service_win.cc(668)] Failed to read DnsConfig.
[0201/170401.911:WARNING:dns_config_service_win.cc(668)] Failed to read DnsConfig.
[0201/170406.934:WARNING:dns_config_service_win.cc(668)] Failed to read DnsConfig.
[0201/170411.965:WARNING:dns_config_service_win.cc(668)] Failed to read DnsConfig.
[0201/170416.985:WARNING:dns_config_service_win.cc(668)] Failed to read DnsConfig.
[0201/170421.994:WARNING:dns_config_service_win.cc(668)] Failed to read DnsConfig.
[0201/170427.029:WARNING:dns_config_service_win.cc(668)] Failed to read DnsConfig.
[0201/170432.045:WARNING:dns_config_service_win.cc(668)] Failed to read DnsConfig.
[0201/170437.056:WARNING:dns_config_service_win.cc(668)] Failed to read DnsConfig.
[0201/170442.069:WARNING:dns_config_service_win.cc(668)] Failed to read DnsConfig.
[0201/170447.099:WARNING:dns_config_service_win.cc(668)] Failed to read DnsConfig.
[0201/170452.123:WARNING:dns_config_service_win.cc(668)] Failed to read DnsConfig.
[0201/170457.143:WARNING:dns_config_service_win.cc(668)] Failed to read DnsConfig.
[0201/170502.153:WARNING:dns_config_service_win.cc(668)] Failed to read DnsConfig.
[0201/170507.170:WARNING:dns_config_service_win.cc(668)] Failed to read DnsConfig.
[0201/170512.186:WARNING:dns_config_service_win.cc(668)] Failed to read DnsConfig.
[0201/170517.200:WARNING:dns_config_service_win.cc(668)] Failed to read DnsConfig.
[0201/170522.338:WARNING:dns_config_service_win.cc(668)] Failed to read DnsConfig.
[0201/170527.665:WARNING:dns_config_service_win.cc(668)] Failed to read DnsConfig.
[0201/170532.695:WARNING:dns_config_service_win.cc(668)] Failed to read DnsConfig.
[0201/170537.705:WARNING:dns_config_service_win.cc(668)] Failed to read DnsConfig.
[0201/170542.106:WARNING:dns_config_service_win.cc(668)] Failed to read DnsConfig.
[0201/170542.715:WARNING:dns_config_service_win.cc(668)] Failed to read DnsConfig.
[0201/191527.506:WARNING:dns_config_service_win.cc(668)] Failed to read DnsConfig.
[0201/191532.527:WARNING:dns_config_service_win.cc(668)] Failed to read DnsConfig.
[0201/191537.616:WARNING:dns_config_service_win.cc(668)] Failed to read DnsConfig.
[0201/191542.631:WARNING:dns_config_service_win.cc(668)] Failed to read DnsConfig.
[0201/191547.643:WARNING:dns_config_service_win.cc(668)] Failed to read DnsConfig.
